<?xml version="1.0" encoding="UTF-8"?>
<!-- Generated by org.testng.reporters.JUnitReportReporter -->
<testsuite hostname="QT-INBG-LT1026" failures="0" tests="2" name="Pom.Mobileworld.signin" time="16.986" errors="0" timestamp="2022-09-23T18:19:44 IST" skipped="0">
  <testcase classname="Pom.Mobileworld.signin" name="SignIn" time="6.519"/>
  <system-out/>
  <testcase classname="Pom.Mobileworld.signin" name="SignIn" time="10.467"/>
  <system-out/>
</testsuite> <!-- Pom.Mobileworld.signin -->
