<?xml version="1.0" encoding="UTF-8"?>
<!-- Generated by org.testng.reporters.JUnitReportReporter -->
<testsuite hostname="QT-INBG-LT1026" failures="0" tests="2" name="Pom.Mobileworld.signup" time="14.154" errors="0" timestamp="2022-09-23T18:19:44 IST" skipped="0">
  <testcase classname="Pom.Mobileworld.signup" name="SignUp" time="6.972"/>
  <system-out/>
  <testcase classname="Pom.Mobileworld.signup" name="SignUp" time="7.182"/>
  <system-out/>
</testsuite> <!-- Pom.Mobileworld.signup -->
