<?xml version="1.0" encoding="UTF-8"?>
<!-- Generated by org.testng.reporters.JUnitReportReporter -->
<testsuite hostname="QT-INBG-LT1026" failures="0" tests="2" name="Pom.Mobileworld.contactus" time="15.573" errors="0" timestamp="2022-09-23T18:19:44 IST" skipped="0">
  <testcase classname="Pom.Mobileworld.contactus" name="ContactUs" time="7.850"/>
  <system-out/>
  <testcase classname="Pom.Mobileworld.contactus" name="ContactUs" time="7.723"/>
  <system-out/>
</testsuite> <!-- Pom.Mobileworld.contactus -->
